[    1033ms] [ERROR] Failed to load resource: net::ERR_CERT_AUTHORITY_INVALID @ https://www.google-analytics.com/analytics.js:0
[    1083ms] [WARNING] <meta name="apple-mobile-web-app-capable" content="yes"> is deprecated. Please include <meta name="mobile-web-app-capable" content="yes"> @ https://washu.sonnyscontrols.com/login:0
[   19324ms] [ERROR] Failed to load resource: net::ERR_FAILED @ https://www.google-analytics.com/analytics.js:0
[   19389ms] [WARNING] <meta name="apple-mobile-web-app-capable" content="yes"> is deprecated. Please include <meta name="mobile-web-app-capable" content="yes"> @ https://washu.sonnyscontrols.com/heatwave/gross-daily-labor?dateEnd=Dec%2031%2C%202026&dateStart=Jan%201%2C%202026&landingPage=&siteId=5:0
[   92434ms] [ERROR] Failed to load resource: net::ERR_FAILED @ https://www.google-analytics.com/analytics.js:0
[   92445ms] [WARNING] <meta name="apple-mobile-web-app-capable" content="yes"> is deprecated. Please include <meta name="mobile-web-app-capable" content="yes"> @ https://washu.sonnyscontrols.com/heatwave/gross-daily-labor?dateStart=Jan+1%2C+2024&dateEnd=Dec+31%2C+2024&landingPage=0&siteId=12:0
[   96302ms] [ERROR] Failed to load resource: net::ERR_FAILED @ https://www.google-analytics.com/analytics.js:0
[   96308ms] [WARNING] <meta name="apple-mobile-web-app-capable" content="yes"> is deprecated. Please include <meta name="mobile-web-app-capable" content="yes"> @ https://washu.sonnyscontrols.com/heatwave/gross-daily-labor?dateStart=Jan+1%2C+2025&dateEnd=Dec+31%2C+2025&landingPage=0&siteId=12:0
[   99912ms] [ERROR] Failed to load resource: net::ERR_FAILED @ https://www.google-analytics.com/analytics.js:0
[   99916ms] [WARNING] <meta name="apple-mobile-web-app-capable" content="yes"> is deprecated. Please include <meta name="mobile-web-app-capable" content="yes"> @ https://washu.sonnyscontrols.com/heatwave/gross-daily-labor?dateStart=Jan+1%2C+2026&dateEnd=Dec+31%2C+2026&landingPage=0&siteId=12:0
[  102375ms] [ERROR] Failed to load resource: net::ERR_FAILED @ https://www.google-analytics.com/analytics.js:0
[  102382ms] [WARNING] <meta name="apple-mobile-web-app-capable" content="yes"> is deprecated. Please include <meta name="mobile-web-app-capable" content="yes"> @ https://washu.sonnyscontrols.com/heatwave/gross-daily-labor?dateStart=Jan+1%2C+2024&dateEnd=Dec+31%2C+2024&landingPage=0&siteId=13:0
[  108739ms] [ERROR] Failed to load resource: net::ERR_FAILED @ https://www.google-analytics.com/analytics.js:0
[  108741ms] [WARNING] <meta name="apple-mobile-web-app-capable" content="yes"> is deprecated. Please include <meta name="mobile-web-app-capable" content="yes"> @ https://washu.sonnyscontrols.com/heatwave/gross-daily-labor?dateStart=Jan+1%2C+2025&dateEnd=Dec+31%2C+2025&landingPage=0&siteId=13:0
[  112888ms] [ERROR] Failed to load resource: net::ERR_FAILED @ https://www.google-analytics.com/analytics.js:0
[  112890ms] [WARNING] <meta name="apple-mobile-web-app-capable" content="yes"> is deprecated. Please include <meta name="mobile-web-app-capable" content="yes"> @ https://washu.sonnyscontrols.com/heatwave/gross-daily-labor?dateStart=Jan+1%2C+2026&dateEnd=Dec+31%2C+2026&landingPage=0&siteId=13:0
[  114830ms] [ERROR] Failed to load resource: net::ERR_FAILED @ https://www.google-analytics.com/analytics.js:0
[  114835ms] [WARNING] <meta name="apple-mobile-web-app-capable" content="yes"> is deprecated. Please include <meta name="mobile-web-app-capable" content="yes"> @ https://washu.sonnyscontrols.com/heatwave/gross-daily-labor?dateStart=Jan+1%2C+2024&dateEnd=Dec+31%2C+2024&landingPage=0&siteId=16:0
[  116762ms] [ERROR] Failed to load resource: net::ERR_FAILED @ https://www.google-analytics.com/analytics.js:0
[  116769ms] [WARNING] <meta name="apple-mobile-web-app-capable" content="yes"> is deprecated. Please include <meta name="mobile-web-app-capable" content="yes"> @ https://washu.sonnyscontrols.com/heatwave/gross-daily-labor?dateStart=Jan+1%2C+2025&dateEnd=Dec+31%2C+2025&landingPage=0&siteId=16:0
[  118915ms] [ERROR] Failed to load resource: net::ERR_FAILED @ https://www.google-analytics.com/analytics.js:0
[  118921ms] [WARNING] <meta name="apple-mobile-web-app-capable" content="yes"> is deprecated. Please include <meta name="mobile-web-app-capable" content="yes"> @ https://washu.sonnyscontrols.com/heatwave/gross-daily-labor?dateStart=Jan+1%2C+2026&dateEnd=Dec+31%2C+2026&landingPage=0&siteId=16:0
[  121909ms] [ERROR] Failed to load resource: net::ERR_FAILED @ https://www.google-analytics.com/analytics.js:0
[  121913ms] [WARNING] <meta name="apple-mobile-web-app-capable" content="yes"> is deprecated. Please include <meta name="mobile-web-app-capable" content="yes"> @ https://washu.sonnyscontrols.com/heatwave/gross-daily-labor?dateStart=Jan+1%2C+2024&dateEnd=Dec+31%2C+2024&landingPage=0&siteId=8:0
[  128722ms] [ERROR] Failed to load resource: net::ERR_FAILED @ https://www.google-analytics.com/analytics.js:0
[  128724ms] [WARNING] <meta name="apple-mobile-web-app-capable" content="yes"> is deprecated. Please include <meta name="mobile-web-app-capable" content="yes"> @ https://washu.sonnyscontrols.com/heatwave/gross-daily-labor?dateStart=Jan+1%2C+2025&dateEnd=Dec+31%2C+2025&landingPage=0&siteId=8:0
[  132474ms] [ERROR] Failed to load resource: net::ERR_FAILED @ https://www.google-analytics.com/analytics.js:0
[  132478ms] [WARNING] <meta name="apple-mobile-web-app-capable" content="yes"> is deprecated. Please include <meta name="mobile-web-app-capable" content="yes"> @ https://washu.sonnyscontrols.com/heatwave/gross-daily-labor?dateStart=Jan+1%2C+2026&dateEnd=Dec+31%2C+2026&landingPage=0&siteId=8:0
[  135128ms] [ERROR] Failed to load resource: net::ERR_FAILED @ https://www.google-analytics.com/analytics.js:0
[  135132ms] [WARNING] <meta name="apple-mobile-web-app-capable" content="yes"> is deprecated. Please include <meta name="mobile-web-app-capable" content="yes"> @ https://washu.sonnyscontrols.com/heatwave/gross-daily-labor?dateStart=Jan+1%2C+2024&dateEnd=Dec+31%2C+2024&landingPage=0&siteId=6:0
[  141878ms] [ERROR] Failed to load resource: net::ERR_FAILED @ https://www.google-analytics.com/analytics.js:0
[  141883ms] [WARNING] <meta name="apple-mobile-web-app-capable" content="yes"> is deprecated. Please include <meta name="mobile-web-app-capable" content="yes"> @ https://washu.sonnyscontrols.com/heatwave/gross-daily-labor?dateStart=Jan+1%2C+2025&dateEnd=Dec+31%2C+2025&landingPage=0&siteId=6:0
[  146399ms] [ERROR] Failed to load resource: net::ERR_FAILED @ https://www.google-analytics.com/analytics.js:0
[  146400ms] [WARNING] <meta name="apple-mobile-web-app-capable" content="yes"> is deprecated. Please include <meta name="mobile-web-app-capable" content="yes"> @ https://washu.sonnyscontrols.com/heatwave/gross-daily-labor?dateStart=Jan+1%2C+2026&dateEnd=Dec+31%2C+2026&landingPage=0&siteId=6:0
[  148213ms] [ERROR] Failed to load resource: net::ERR_FAILED @ https://www.google-analytics.com/analytics.js:0
[  148219ms] [WARNING] <meta name="apple-mobile-web-app-capable" content="yes"> is deprecated. Please include <meta name="mobile-web-app-capable" content="yes"> @ https://washu.sonnyscontrols.com/heatwave/gross-daily-labor?dateStart=Jan+1%2C+2024&dateEnd=Dec+31%2C+2024&landingPage=0&siteId=18:0
[  150443ms] [ERROR] Failed to load resource: net::ERR_FAILED @ https://www.google-analytics.com/analytics.js:0
[  150447ms] [WARNING] <meta name="apple-mobile-web-app-capable" content="yes"> is deprecated. Please include <meta name="mobile-web-app-capable" content="yes"> @ https://washu.sonnyscontrols.com/heatwave/gross-daily-labor?dateStart=Jan+1%2C+2025&dateEnd=Dec+31%2C+2025&landingPage=0&siteId=18:0
[  152156ms] [ERROR] Failed to load resource: net::ERR_FAILED @ https://www.google-analytics.com/analytics.js:0
[  152157ms] [WARNING] <meta name="apple-mobile-web-app-capable" content="yes"> is deprecated. Please include <meta name="mobile-web-app-capable" content="yes"> @ https://washu.sonnyscontrols.com/heatwave/gross-daily-labor?dateStart=Jan+1%2C+2026&dateEnd=Dec+31%2C+2026&landingPage=0&siteId=18:0
[  153937ms] [ERROR] Failed to load resource: net::ERR_FAILED @ https://www.google-analytics.com/analytics.js:0
[  153939ms] [WARNING] <meta name="apple-mobile-web-app-capable" content="yes"> is deprecated. Please include <meta name="mobile-web-app-capable" content="yes"> @ https://washu.sonnyscontrols.com/heatwave/gross-daily-labor?dateStart=Jan+1%2C+2024&dateEnd=Dec+31%2C+2024&landingPage=0&siteId=15:0
[  155674ms] [ERROR] Failed to load resource: net::ERR_FAILED @ https://www.google-analytics.com/analytics.js:0
[  155677ms] [WARNING] <meta name="apple-mobile-web-app-capable" content="yes"> is deprecated. Please include <meta name="mobile-web-app-capable" content="yes"> @ https://washu.sonnyscontrols.com/heatwave/gross-daily-labor?dateStart=Jan+1%2C+2025&dateEnd=Dec+31%2C+2025&landingPage=0&siteId=15:0
[  157562ms] [ERROR] Failed to load resource: net::ERR_FAILED @ https://www.google-analytics.com/analytics.js:0
[  157565ms] [WARNING] <meta name="apple-mobile-web-app-capable" content="yes"> is deprecated. Please include <meta name="mobile-web-app-capable" content="yes"> @ https://washu.sonnyscontrols.com/heatwave/gross-daily-labor?dateStart=Jan+1%2C+2026&dateEnd=Dec+31%2C+2026&landingPage=0&siteId=15:0
[  159891ms] [ERROR] Failed to load resource: net::ERR_FAILED @ https://www.google-analytics.com/analytics.js:0
[  159892ms] [WARNING] <meta name="apple-mobile-web-app-capable" content="yes"> is deprecated. Please include <meta name="mobile-web-app-capable" content="yes"> @ https://washu.sonnyscontrols.com/heatwave/gross-daily-labor?dateStart=Jan+1%2C+2024&dateEnd=Dec+31%2C+2024&landingPage=0&siteId=14:0
[  163748ms] [ERROR] Failed to load resource: net::ERR_FAILED @ https://www.google-analytics.com/analytics.js:0
[  163751ms] [WARNING] <meta name="apple-mobile-web-app-capable" content="yes"> is deprecated. Please include <meta name="mobile-web-app-capable" content="yes"> @ https://washu.sonnyscontrols.com/heatwave/gross-daily-labor?dateStart=Jan+1%2C+2025&dateEnd=Dec+31%2C+2025&landingPage=0&siteId=14:0
[  166447ms] [ERROR] Failed to load resource: net::ERR_FAILED @ https://www.google-analytics.com/analytics.js:0
[  166452ms] [WARNING] <meta name="apple-mobile-web-app-capable" content="yes"> is deprecated. Please include <meta name="mobile-web-app-capable" content="yes"> @ https://washu.sonnyscontrols.com/heatwave/gross-daily-labor?dateStart=Jan+1%2C+2026&dateEnd=Dec+31%2C+2026&landingPage=0&siteId=14:0
[  168385ms] [ERROR] Failed to load resource: net::ERR_FAILED @ https://www.google-analytics.com/analytics.js:0
[  168391ms] [WARNING] <meta name="apple-mobile-web-app-capable" content="yes"> is deprecated. Please include <meta name="mobile-web-app-capable" content="yes"> @ https://washu.sonnyscontrols.com/heatwave/gross-daily-labor?dateStart=Jan+1%2C+2024&dateEnd=Dec+31%2C+2024&landingPage=0&siteId=19:0
[  170153ms] [ERROR] Failed to load resource: net::ERR_FAILED @ https://www.google-analytics.com/analytics.js:0
[  170159ms] [WARNING] <meta name="apple-mobile-web-app-capable" content="yes"> is deprecated. Please include <meta name="mobile-web-app-capable" content="yes"> @ https://washu.sonnyscontrols.com/heatwave/gross-daily-labor?dateStart=Jan+1%2C+2025&dateEnd=Dec+31%2C+2025&landingPage=0&siteId=19:0
[  171956ms] [ERROR] Failed to load resource: net::ERR_FAILED @ https://www.google-analytics.com/analytics.js:0
[  171961ms] [WARNING] <meta name="apple-mobile-web-app-capable" content="yes"> is deprecated. Please include <meta name="mobile-web-app-capable" content="yes"> @ https://washu.sonnyscontrols.com/heatwave/gross-daily-labor?dateStart=Jan+1%2C+2026&dateEnd=Dec+31%2C+2026&landingPage=0&siteId=19:0
[  173718ms] [ERROR] Failed to load resource: net::ERR_FAILED @ https://www.google-analytics.com/analytics.js:0
[  173719ms] [WARNING] <meta name="apple-mobile-web-app-capable" content="yes"> is deprecated. Please include <meta name="mobile-web-app-capable" content="yes"> @ https://washu.sonnyscontrols.com/heatwave/gross-daily-labor?dateStart=Jan+1%2C+2024&dateEnd=Dec+31%2C+2024&landingPage=0&siteId=20:0
[  175490ms] [ERROR] Failed to load resource: net::ERR_FAILED @ https://www.google-analytics.com/analytics.js:0
[  175492ms] [WARNING] <meta name="apple-mobile-web-app-capable" content="yes"> is deprecated. Please include <meta name="mobile-web-app-capable" content="yes"> @ https://washu.sonnyscontrols.com/heatwave/gross-daily-labor?dateStart=Jan+1%2C+2025&dateEnd=Dec+31%2C+2025&landingPage=0&siteId=20:0
[  177132ms] [ERROR] Failed to load resource: net::ERR_FAILED @ https://www.google-analytics.com/analytics.js:0
[  177140ms] [WARNING] <meta name="apple-mobile-web-app-capable" content="yes"> is deprecated. Please include <meta name="mobile-web-app-capable" content="yes"> @ https://washu.sonnyscontrols.com/heatwave/gross-daily-labor?dateStart=Jan+1%2C+2026&dateEnd=Dec+31%2C+2026&landingPage=0&siteId=20:0
[  179543ms] [ERROR] Failed to load resource: net::ERR_FAILED @ https://www.google-analytics.com/analytics.js:0
[  179547ms] [WARNING] <meta name="apple-mobile-web-app-capable" content="yes"> is deprecated. Please include <meta name="mobile-web-app-capable" content="yes"> @ https://washu.sonnyscontrols.com/heatwave/gross-daily-labor?dateStart=Jan+1%2C+2024&dateEnd=Dec+31%2C+2024&landingPage=0&siteId=10:0
[  182990ms] [ERROR] Failed to load resource: net::ERR_FAILED @ https://www.google-analytics.com/analytics.js:0
[  182994ms] [WARNING] <meta name="apple-mobile-web-app-capable" content="yes"> is deprecated. Please include <meta name="mobile-web-app-capable" content="yes"> @ https://washu.sonnyscontrols.com/heatwave/gross-daily-labor?dateStart=Jan+1%2C+2025&dateEnd=Dec+31%2C+2025&landingPage=0&siteId=10:0
[  185814ms] [ERROR] Failed to load resource: net::ERR_FAILED @ https://www.google-analytics.com/analytics.js:0
[  185818ms] [WARNING] <meta name="apple-mobile-web-app-capable" content="yes"> is deprecated. Please include <meta name="mobile-web-app-capable" content="yes"> @ https://washu.sonnyscontrols.com/heatwave/gross-daily-labor?dateStart=Jan+1%2C+2026&dateEnd=Dec+31%2C+2026&landingPage=0&siteId=10:0
[  188218ms] [ERROR] Failed to load resource: net::ERR_FAILED @ https://www.google-analytics.com/analytics.js:0
[  188223ms] [WARNING] <meta name="apple-mobile-web-app-capable" content="yes"> is deprecated. Please include <meta name="mobile-web-app-capable" content="yes"> @ https://washu.sonnyscontrols.com/heatwave/gross-daily-labor?dateStart=Jan+1%2C+2024&dateEnd=Dec+31%2C+2024&landingPage=0&siteId=7:0
[  191569ms] [ERROR] Failed to load resource: net::ERR_FAILED @ https://www.google-analytics.com/analytics.js:0
[  191573ms] [WARNING] <meta name="apple-mobile-web-app-capable" content="yes"> is deprecated. Please include <meta name="mobile-web-app-capable" content="yes"> @ https://washu.sonnyscontrols.com/heatwave/gross-daily-labor?dateStart=Jan+1%2C+2025&dateEnd=Dec+31%2C+2025&landingPage=0&siteId=7:0
[  194366ms] [ERROR] Failed to load resource: net::ERR_FAILED @ https://www.google-analytics.com/analytics.js:0
[  194371ms] [WARNING] <meta name="apple-mobile-web-app-capable" content="yes"> is deprecated. Please include <meta name="mobile-web-app-capable" content="yes"> @ https://washu.sonnyscontrols.com/heatwave/gross-daily-labor?dateStart=Jan+1%2C+2026&dateEnd=Dec+31%2C+2026&landingPage=0&siteId=7:0
[  196555ms] [ERROR] Failed to load resource: net::ERR_FAILED @ https://www.google-analytics.com/analytics.js:0
[  196561ms] [WARNING] <meta name="apple-mobile-web-app-capable" content="yes"> is deprecated. Please include <meta name="mobile-web-app-capable" content="yes"> @ https://washu.sonnyscontrols.com/heatwave/gross-daily-labor?dateStart=Jan+1%2C+2024&dateEnd=Dec+31%2C+2024&landingPage=0&siteId=4:0
[  200647ms] [ERROR] Failed to load resource: net::ERR_FAILED @ https://www.google-analytics.com/analytics.js:0
[  200651ms] [WARNING] <meta name="apple-mobile-web-app-capable" content="yes"> is deprecated. Please include <meta name="mobile-web-app-capable" content="yes"> @ https://washu.sonnyscontrols.com/heatwave/gross-daily-labor?dateStart=Jan+1%2C+2025&dateEnd=Dec+31%2C+2025&landingPage=0&siteId=4:0
[  203789ms] [ERROR] Failed to load resource: net::ERR_FAILED @ https://www.google-analytics.com/analytics.js:0
[  203792ms] [WARNING] <meta name="apple-mobile-web-app-capable" content="yes"> is deprecated. Please include <meta name="mobile-web-app-capable" content="yes"> @ https://washu.sonnyscontrols.com/heatwave/gross-daily-labor?dateStart=Jan+1%2C+2026&dateEnd=Dec+31%2C+2026&landingPage=0&siteId=4:0
[  205402ms] [ERROR] Failed to load resource: net::ERR_FAILED @ https://www.google-analytics.com/analytics.js:0
[  205406ms] [WARNING] <meta name="apple-mobile-web-app-capable" content="yes"> is deprecated. Please include <meta name="mobile-web-app-capable" content="yes"> @ https://washu.sonnyscontrols.com/heatwave/gross-daily-labor?dateStart=Jan+1%2C+2024&dateEnd=Dec+31%2C+2024&landingPage=0&siteId=17:0
[  207258ms] [ERROR] Failed to load resource: net::ERR_FAILED @ https://www.google-analytics.com/analytics.js:0
[  207261ms] [WARNING] <meta name="apple-mobile-web-app-capable" content="yes"> is deprecated. Please include <meta name="mobile-web-app-capable" content="yes"> @ https://washu.sonnyscontrols.com/heatwave/gross-daily-labor?dateStart=Jan+1%2C+2025&dateEnd=Dec+31%2C+2025&landingPage=0&siteId=17:0
[  209062ms] [ERROR] Failed to load resource: net::ERR_FAILED @ https://www.google-analytics.com/analytics.js:0
[  209065ms] [WARNING] <meta name="apple-mobile-web-app-capable" content="yes"> is deprecated. Please include <meta name="mobile-web-app-capable" content="yes"> @ https://washu.sonnyscontrols.com/heatwave/gross-daily-labor?dateStart=Jan+1%2C+2026&dateEnd=Dec+31%2C+2026&landingPage=0&siteId=17:0
[  211523ms] [ERROR] Failed to load resource: net::ERR_FAILED @ https://www.google-analytics.com/analytics.js:0
[  211524ms] [WARNING] <meta name="apple-mobile-web-app-capable" content="yes"> is deprecated. Please include <meta name="mobile-web-app-capable" content="yes"> @ https://washu.sonnyscontrols.com/heatwave/gross-daily-labor?dateStart=Jan+1%2C+2024&dateEnd=Dec+31%2C+2024&landingPage=0&siteId=11:0
[  217258ms] [ERROR] Failed to load resource: net::ERR_FAILED @ https://www.google-analytics.com/analytics.js:0
[  217259ms] [WARNING] <meta name="apple-mobile-web-app-capable" content="yes"> is deprecated. Please include <meta name="mobile-web-app-capable" content="yes"> @ https://washu.sonnyscontrols.com/heatwave/gross-daily-labor?dateStart=Jan+1%2C+2025&dateEnd=Dec+31%2C+2025&landingPage=0&siteId=11:0
[  220984ms] [ERROR] Failed to load resource: net::ERR_FAILED @ https://www.google-analytics.com/analytics.js:0
[  220990ms] [WARNING] <meta name="apple-mobile-web-app-capable" content="yes"> is deprecated. Please include <meta name="mobile-web-app-capable" content="yes"> @ https://washu.sonnyscontrols.com/heatwave/gross-daily-labor?dateStart=Jan+1%2C+2026&dateEnd=Dec+31%2C+2026&landingPage=0&siteId=11:0
[  223403ms] [ERROR] Failed to load resource: net::ERR_FAILED @ https://www.google-analytics.com/analytics.js:0
[  223407ms] [WARNING] <meta name="apple-mobile-web-app-capable" content="yes"> is deprecated. Please include <meta name="mobile-web-app-capable" content="yes"> @ https://washu.sonnyscontrols.com/heatwave/gross-daily-labor?dateStart=Jan+1%2C+2024&dateEnd=Dec+31%2C+2024&landingPage=0&siteId=5:0
[  228828ms] [ERROR] Failed to load resource: net::ERR_FAILED @ https://www.google-analytics.com/analytics.js:0
[  228828ms] [WARNING] <meta name="apple-mobile-web-app-capable" content="yes"> is deprecated. Please include <meta name="mobile-web-app-capable" content="yes"> @ https://washu.sonnyscontrols.com/heatwave/gross-daily-labor?dateStart=Jan+1%2C+2025&dateEnd=Dec+31%2C+2025&landingPage=0&siteId=5:0
[  231770ms] [ERROR] Failed to load resource: net::ERR_FAILED @ https://www.google-analytics.com/analytics.js:0
[  231774ms] [WARNING] <meta name="apple-mobile-web-app-capable" content="yes"> is deprecated. Please include <meta name="mobile-web-app-capable" content="yes"> @ https://washu.sonnyscontrols.com/heatwave/gross-daily-labor?dateStart=Jan+1%2C+2026&dateEnd=Dec+31%2C+2026&landingPage=0&siteId=5:0
[  234565ms] [ERROR] Failed to load resource: net::ERR_FAILED @ https://www.google-analytics.com/analytics.js:0
[  234571ms] [WARNING] <meta name="apple-mobile-web-app-capable" content="yes"> is deprecated. Please include <meta name="mobile-web-app-capable" content="yes"> @ https://washu.sonnyscontrols.com/heatwave/gross-daily-labor?dateStart=Jan+1%2C+2024&dateEnd=Dec+31%2C+2024&landingPage=0&siteId=9:0
[  237728ms] [ERROR] Failed to load resource: net::ERR_FAILED @ https://www.google-analytics.com/analytics.js:0
[  237729ms] [WARNING] <meta name="apple-mobile-web-app-capable" content="yes"> is deprecated. Please include <meta name="mobile-web-app-capable" content="yes"> @ https://washu.sonnyscontrols.com/heatwave/gross-daily-labor?dateStart=Jan+1%2C+2025&dateEnd=Dec+31%2C+2025&landingPage=0&siteId=9:0
[  240355ms] [ERROR] Failed to load resource: net::ERR_FAILED @ https://www.google-analytics.com/analytics.js:0
[  240361ms] [WARNING] <meta name="apple-mobile-web-app-capable" content="yes"> is deprecated. Please include <meta name="mobile-web-app-capable" content="yes"> @ https://washu.sonnyscontrols.com/heatwave/gross-daily-labor?dateStart=Jan+1%2C+2026&dateEnd=Dec+31%2C+2026&landingPage=0&siteId=9:0
[  243756ms] [ERROR] Failed to load resource: net::ERR_FAILED @ https://www.google-analytics.com/analytics.js:0
[  243760ms] [WARNING] <meta name="apple-mobile-web-app-capable" content="yes"> is deprecated. Please include <meta name="mobile-web-app-capable" content="yes"> @ https://washu.sonnyscontrols.com/heatwave/gross-daily-labor?dateStart=Jan+1%2C+2024&dateEnd=Dec+31%2C+2024&landingPage=0&siteId=2:0
[  248478ms] [ERROR] Failed to load resource: net::ERR_FAILED @ https://www.google-analytics.com/analytics.js:0
[  248483ms] [WARNING] <meta name="apple-mobile-web-app-capable" content="yes"> is deprecated. Please include <meta name="mobile-web-app-capable" content="yes"> @ https://washu.sonnyscontrols.com/heatwave/gross-daily-labor?dateStart=Jan+1%2C+2025&dateEnd=Dec+31%2C+2025&landingPage=0&siteId=2:0
[  251108ms] [ERROR] Failed to load resource: net::ERR_FAILED @ https://www.google-analytics.com/analytics.js:0
[  251113ms] [WARNING] <meta name="apple-mobile-web-app-capable" content="yes"> is deprecated. Please include <meta name="mobile-web-app-capable" content="yes"> @ https://washu.sonnyscontrols.com/heatwave/gross-daily-labor?dateStart=Jan+1%2C+2026&dateEnd=Dec+31%2C+2026&landingPage=0&siteId=2:0
[  253965ms] [ERROR] Failed to load resource: net::ERR_FAILED @ https://www.google-analytics.com/analytics.js:0
[  253966ms] [WARNING] <meta name="apple-mobile-web-app-capable" content="yes"> is deprecated. Please include <meta name="mobile-web-app-capable" content="yes"> @ https://washu.sonnyscontrols.com/heatwave/gross-daily-labor?dateStart=Jan+1%2C+2024&dateEnd=Dec+31%2C+2024&landingPage=0&siteId=1:0
[  257040ms] [ERROR] Failed to load resource: net::ERR_FAILED @ https://www.google-analytics.com/analytics.js:0
[  257042ms] [WARNING] <meta name="apple-mobile-web-app-capable" content="yes"> is deprecated. Please include <meta name="mobile-web-app-capable" content="yes"> @ https://washu.sonnyscontrols.com/heatwave/gross-daily-labor?dateStart=Jan+1%2C+2025&dateEnd=Dec+31%2C+2025&landingPage=0&siteId=1:0
[  259181ms] [ERROR] Failed to load resource: net::ERR_FAILED @ https://www.google-analytics.com/analytics.js:0
[  259186ms] [WARNING] <meta name="apple-mobile-web-app-capable" content="yes"> is deprecated. Please include <meta name="mobile-web-app-capable" content="yes"> @ https://washu.sonnyscontrols.com/heatwave/gross-daily-labor?dateStart=Jan+1%2C+2026&dateEnd=Dec+31%2C+2026&landingPage=0&siteId=1:0
[  274331ms] [ERROR] Failed to load resource: net::ERR_FAILED @ https://www.google-analytics.com/analytics.js:0
[  274337ms] [WARNING] <meta name="apple-mobile-web-app-capable" content="yes"> is deprecated. Please include <meta name="mobile-web-app-capable" content="yes"> @ https://washu.sonnyscontrols.com/heatwave/gross-daily-labor?dateStart=Jan+1%2C+2024&dateEnd=Dec+31%2C+2024&landingPage=0&siteId=12:0
[  276877ms] [ERROR] Failed to load resource: net::ERR_FAILED @ https://www.google-analytics.com/analytics.js:0
[  276881ms] [WARNING] <meta name="apple-mobile-web-app-capable" content="yes"> is deprecated. Please include <meta name="mobile-web-app-capable" content="yes"> @ https://washu.sonnyscontrols.com/heatwave/gross-daily-labor?dateStart=Jan+1%2C+2025&dateEnd=Dec+31%2C+2025&landingPage=0&siteId=12:0
[  279116ms] [ERROR] Failed to load resource: net::ERR_FAILED @ https://www.google-analytics.com/analytics.js:0
[  279120ms] [WARNING] <meta name="apple-mobile-web-app-capable" content="yes"> is deprecated. Please include <meta name="mobile-web-app-capable" content="yes"> @ https://washu.sonnyscontrols.com/heatwave/gross-daily-labor?dateStart=Jan+1%2C+2026&dateEnd=Dec+31%2C+2026&landingPage=0&siteId=12:0
[  280833ms] [ERROR] Failed to load resource: net::ERR_FAILED @ https://www.google-analytics.com/analytics.js:0
[  280835ms] [WARNING] <meta name="apple-mobile-web-app-capable" content="yes"> is deprecated. Please include <meta name="mobile-web-app-capable" content="yes"> @ https://washu.sonnyscontrols.com/heatwave/gross-daily-labor?dateStart=Jan+1%2C+2024&dateEnd=Dec+31%2C+2024&landingPage=0&siteId=13:0
[  283829ms] [ERROR] Failed to load resource: net::ERR_FAILED @ https://www.google-analytics.com/analytics.js:0
[  283833ms] [WARNING] <meta name="apple-mobile-web-app-capable" content="yes"> is deprecated. Please include <meta name="mobile-web-app-capable" content="yes"> @ https://washu.sonnyscontrols.com/heatwave/gross-daily-labor?dateStart=Jan+1%2C+2025&dateEnd=Dec+31%2C+2025&landingPage=0&siteId=13:0
[  286944ms] [ERROR] Failed to load resource: net::ERR_FAILED @ https://www.google-analytics.com/analytics.js:0
[  286945ms] [WARNING] <meta name="apple-mobile-web-app-capable" content="yes"> is deprecated. Please include <meta name="mobile-web-app-capable" content="yes"> @ https://washu.sonnyscontrols.com/heatwave/gross-daily-labor?dateStart=Jan+1%2C+2026&dateEnd=Dec+31%2C+2026&landingPage=0&siteId=13:0
[  288721ms] [ERROR] Failed to load resource: net::ERR_FAILED @ https://www.google-analytics.com/analytics.js:0
[  288731ms] [WARNING] <meta name="apple-mobile-web-app-capable" content="yes"> is deprecated. Please include <meta name="mobile-web-app-capable" content="yes"> @ https://washu.sonnyscontrols.com/heatwave/gross-daily-labor?dateStart=Jan+1%2C+2024&dateEnd=Dec+31%2C+2024&landingPage=0&siteId=16:0
[  290503ms] [ERROR] Failed to load resource: net::ERR_FAILED @ https://www.google-analytics.com/analytics.js:0
[  290509ms] [WARNING] <meta name="apple-mobile-web-app-capable" content="yes"> is deprecated. Please include <meta name="mobile-web-app-capable" content="yes"> @ https://washu.sonnyscontrols.com/heatwave/gross-daily-labor?dateStart=Jan+1%2C+2025&dateEnd=Dec+31%2C+2025&landingPage=0&siteId=16:0
[  292233ms] [ERROR] Failed to load resource: net::ERR_FAILED @ https://www.google-analytics.com/analytics.js:0
[  292239ms] [WARNING] <meta name="apple-mobile-web-app-capable" content="yes"> is deprecated. Please include <meta name="mobile-web-app-capable" content="yes"> @ https://washu.sonnyscontrols.com/heatwave/gross-daily-labor?dateStart=Jan+1%2C+2026&dateEnd=Dec+31%2C+2026&landingPage=0&siteId=16:0
[  294209ms] [ERROR] Failed to load resource: net::ERR_FAILED @ https://www.google-analytics.com/analytics.js:0
[  294211ms] [WARNING] <meta name="apple-mobile-web-app-capable" content="yes"> is deprecated. Please include <meta name="mobile-web-app-capable" content="yes"> @ https://washu.sonnyscontrols.com/heatwave/gross-daily-labor?dateStart=Jan+1%2C+2024&dateEnd=Dec+31%2C+2024&landingPage=0&siteId=8:0
[  297610ms] [ERROR] Failed to load resource: net::ERR_FAILED @ https://www.google-analytics.com/analytics.js:0
[  297617ms] [WARNING] <meta name="apple-mobile-web-app-capable" content="yes"> is deprecated. Please include <meta name="mobile-web-app-capable" content="yes"> @ https://washu.sonnyscontrols.com/heatwave/gross-daily-labor?dateStart=Jan+1%2C+2025&dateEnd=Dec+31%2C+2025&landingPage=0&siteId=8:0
[  299788ms] [ERROR] Failed to load resource: net::ERR_FAILED @ https://www.google-analytics.com/analytics.js:0
[  299794ms] [WARNING] <meta name="apple-mobile-web-app-capable" content="yes"> is deprecated. Please include <meta name="mobile-web-app-capable" content="yes"> @ https://washu.sonnyscontrols.com/heatwave/gross-daily-labor?dateStart=Jan+1%2C+2026&dateEnd=Dec+31%2C+2026&landingPage=0&siteId=8:0
[  301858ms] [ERROR] Failed to load resource: net::ERR_FAILED @ https://www.google-analytics.com/analytics.js:0
[  301859ms] [WARNING] <meta name="apple-mobile-web-app-capable" content="yes"> is deprecated. Please include <meta name="mobile-web-app-capable" content="yes"> @ https://washu.sonnyscontrols.com/heatwave/gross-daily-labor?dateStart=Jan+1%2C+2024&dateEnd=Dec+31%2C+2024&landingPage=0&siteId=6:0
[  305179ms] [ERROR] Failed to load resource: net::ERR_FAILED @ https://www.google-analytics.com/analytics.js:0
[  305184ms] [WARNING] <meta name="apple-mobile-web-app-capable" content="yes"> is deprecated. Please include <meta name="mobile-web-app-capable" content="yes"> @ https://washu.sonnyscontrols.com/heatwave/gross-daily-labor?dateStart=Jan+1%2C+2025&dateEnd=Dec+31%2C+2025&landingPage=0&siteId=6:0
[  307462ms] [ERROR] Failed to load resource: net::ERR_FAILED @ https://www.google-analytics.com/analytics.js:0
[  307463ms] [WARNING] <meta name="apple-mobile-web-app-capable" content="yes"> is deprecated. Please include <meta name="mobile-web-app-capable" content="yes"> @ https://washu.sonnyscontrols.com/heatwave/gross-daily-labor?dateStart=Jan+1%2C+2026&dateEnd=Dec+31%2C+2026&landingPage=0&siteId=6:0
[  309078ms] [ERROR] Failed to load resource: net::ERR_FAILED @ https://www.google-analytics.com/analytics.js:0
[  309082ms] [WARNING] <meta name="apple-mobile-web-app-capable" content="yes"> is deprecated. Please include <meta name="mobile-web-app-capable" content="yes"> @ https://washu.sonnyscontrols.com/heatwave/gross-daily-labor?dateStart=Jan+1%2C+2024&dateEnd=Dec+31%2C+2024&landingPage=0&siteId=18:0
[  310693ms] [ERROR] Failed to load resource: net::ERR_FAILED @ https://www.google-analytics.com/analytics.js:0
[  310694ms] [WARNING] <meta name="apple-mobile-web-app-capable" content="yes"> is deprecated. Please include <meta name="mobile-web-app-capable" content="yes"> @ https://washu.sonnyscontrols.com/heatwave/gross-daily-labor?dateStart=Jan+1%2C+2025&dateEnd=Dec+31%2C+2025&landingPage=0&siteId=18:0
[  312470ms] [ERROR] Failed to load resource: net::ERR_FAILED @ https://www.google-analytics.com/analytics.js:0
[  312473ms] [WARNING] <meta name="apple-mobile-web-app-capable" content="yes"> is deprecated. Please include <meta name="mobile-web-app-capable" content="yes"> @ https://washu.sonnyscontrols.com/heatwave/gross-daily-labor?dateStart=Jan+1%2C+2026&dateEnd=Dec+31%2C+2026&landingPage=0&siteId=18:0
[  314186ms] [ERROR] Failed to load resource: net::ERR_FAILED @ https://www.google-analytics.com/analytics.js:0
[  314187ms] [WARNING] <meta name="apple-mobile-web-app-capable" content="yes"> is deprecated. Please include <meta name="mobile-web-app-capable" content="yes"> @ https://washu.sonnyscontrols.com/heatwave/gross-daily-labor?dateStart=Jan+1%2C+2024&dateEnd=Dec+31%2C+2024&landingPage=0&siteId=15:0
[  315827ms] [ERROR] Failed to load resource: net::ERR_FAILED @ https://www.google-analytics.com/analytics.js:0
[  315832ms] [WARNING] <meta name="apple-mobile-web-app-capable" content="yes"> is deprecated. Please include <meta name="mobile-web-app-capable" content="yes"> @ https://washu.sonnyscontrols.com/heatwave/gross-daily-labor?dateStart=Jan+1%2C+2025&dateEnd=Dec+31%2C+2025&landingPage=0&siteId=15:0
[  317579ms] [ERROR] Failed to load resource: net::ERR_FAILED @ https://www.google-analytics.com/analytics.js:0
[  317580ms] [WARNING] <meta name="apple-mobile-web-app-capable" content="yes"> is deprecated. Please include <meta name="mobile-web-app-capable" content="yes"> @ https://washu.sonnyscontrols.com/heatwave/gross-daily-labor?dateStart=Jan+1%2C+2026&dateEnd=Dec+31%2C+2026&landingPage=0&siteId=15:0
[  319274ms] [ERROR] Failed to load resource: net::ERR_FAILED @ https://www.google-analytics.com/analytics.js:0
[  319280ms] [WARNING] <meta name="apple-mobile-web-app-capable" content="yes"> is deprecated. Please include <meta name="mobile-web-app-capable" content="yes"> @ https://washu.sonnyscontrols.com/heatwave/gross-daily-labor?dateStart=Jan+1%2C+2024&dateEnd=Dec+31%2C+2024&landingPage=0&siteId=14:0
[  321816ms] [ERROR] Failed to load resource: net::ERR_FAILED @ https://www.google-analytics.com/analytics.js:0
[  321818ms] [WARNING] <meta name="apple-mobile-web-app-capable" content="yes"> is deprecated. Please include <meta name="mobile-web-app-capable" content="yes"> @ https://washu.sonnyscontrols.com/heatwave/gross-daily-labor?dateStart=Jan+1%2C+2025&dateEnd=Dec+31%2C+2025&landingPage=0&siteId=14:0
[  323934ms] [ERROR] Failed to load resource: net::ERR_FAILED @ https://www.google-analytics.com/analytics.js:0
[  323935ms] [WARNING] <meta name="apple-mobile-web-app-capable" content="yes"> is deprecated. Please include <meta name="mobile-web-app-capable" content="yes"> @ https://washu.sonnyscontrols.com/heatwave/gross-daily-labor?dateStart=Jan+1%2C+2026&dateEnd=Dec+31%2C+2026&landingPage=0&siteId=14:0
[  325635ms] [ERROR] Failed to load resource: net::ERR_FAILED @ https://www.google-analytics.com/analytics.js:0
[  325637ms] [WARNING] <meta name="apple-mobile-web-app-capable" content="yes"> is deprecated. Please include <meta name="mobile-web-app-capable" content="yes"> @ https://washu.sonnyscontrols.com/heatwave/gross-daily-labor?dateStart=Jan+1%2C+2024&dateEnd=Dec+31%2C+2024&landingPage=0&siteId=19:0
[  327263ms] [ERROR] Failed to load resource: net::ERR_FAILED @ https://www.google-analytics.com/analytics.js:0
[  327264ms] [WARNING] <meta name="apple-mobile-web-app-capable" content="yes"> is deprecated. Please include <meta name="mobile-web-app-capable" content="yes"> @ https://washu.sonnyscontrols.com/heatwave/gross-daily-labor?dateStart=Jan+1%2C+2025&dateEnd=Dec+31%2C+2025&landingPage=0&siteId=19:0
[  329020ms] [ERROR] Failed to load resource: net::ERR_FAILED @ https://www.google-analytics.com/analytics.js:0
[  329021ms] [WARNING] <meta name="apple-mobile-web-app-capable" content="yes"> is deprecated. Please include <meta name="mobile-web-app-capable" content="yes"> @ https://washu.sonnyscontrols.com/heatwave/gross-daily-labor?dateStart=Jan+1%2C+2026&dateEnd=Dec+31%2C+2026&landingPage=0&siteId=19:0
[  330630ms] [ERROR] Failed to load resource: net::ERR_FAILED @ https://www.google-analytics.com/analytics.js:0
[  330639ms] [WARNING] <meta name="apple-mobile-web-app-capable" content="yes"> is deprecated. Please include <meta name="mobile-web-app-capable" content="yes"> @ https://washu.sonnyscontrols.com/heatwave/gross-daily-labor?dateStart=Jan+1%2C+2024&dateEnd=Dec+31%2C+2024&landingPage=0&siteId=20:0
[  332366ms] [ERROR] Failed to load resource: net::ERR_FAILED @ https://www.google-analytics.com/analytics.js:0
[  332370ms] [WARNING] <meta name="apple-mobile-web-app-capable" content="yes"> is deprecated. Please include <meta name="mobile-web-app-capable" content="yes"> @ https://washu.sonnyscontrols.com/heatwave/gross-daily-labor?dateStart=Jan+1%2C+2025&dateEnd=Dec+31%2C+2025&landingPage=0&siteId=20:0
[  334188ms] [ERROR] Failed to load resource: net::ERR_FAILED @ https://www.google-analytics.com/analytics.js:0
[  334194ms] [WARNING] <meta name="apple-mobile-web-app-capable" content="yes"> is deprecated. Please include <meta name="mobile-web-app-capable" content="yes"> @ https://washu.sonnyscontrols.com/heatwave/gross-daily-labor?dateStart=Jan+1%2C+2026&dateEnd=Dec+31%2C+2026&landingPage=0&siteId=20:0
[  335901ms] [ERROR] Failed to load resource: net::ERR_FAILED @ https://www.google-analytics.com/analytics.js:0
[  335902ms] [WARNING] <meta name="apple-mobile-web-app-capable" content="yes"> is deprecated. Please include <meta name="mobile-web-app-capable" content="yes"> @ https://washu.sonnyscontrols.com/heatwave/gross-daily-labor?dateStart=Jan+1%2C+2024&dateEnd=Dec+31%2C+2024&landingPage=0&siteId=10:0
[  338598ms] [ERROR] Failed to load resource: net::ERR_FAILED @ https://www.google-analytics.com/analytics.js:0
[  338601ms] [WARNING] <meta name="apple-mobile-web-app-capable" content="yes"> is deprecated. Please include <meta name="mobile-web-app-capable" content="yes"> @ https://washu.sonnyscontrols.com/heatwave/gross-daily-labor?dateStart=Jan+1%2C+2025&dateEnd=Dec+31%2C+2025&landingPage=0&siteId=10:0
[  340653ms] [ERROR] Failed to load resource: net::ERR_FAILED @ https://www.google-analytics.com/analytics.js:0
[  340660ms] [WARNING] <meta name="apple-mobile-web-app-capable" content="yes"> is deprecated. Please include <meta name="mobile-web-app-capable" content="yes"> @ https://washu.sonnyscontrols.com/heatwave/gross-daily-labor?dateStart=Jan+1%2C+2026&dateEnd=Dec+31%2C+2026&landingPage=0&siteId=10:0
[  342404ms] [ERROR] Failed to load resource: net::ERR_FAILED @ https://www.google-analytics.com/analytics.js:0
[  342408ms] [WARNING] <meta name="apple-mobile-web-app-capable" content="yes"> is deprecated. Please include <meta name="mobile-web-app-capable" content="yes"> @ https://washu.sonnyscontrols.com/heatwave/gross-daily-labor?dateStart=Jan+1%2C+2024&dateEnd=Dec+31%2C+2024&landingPage=0&siteId=7:0
[  345452ms] [ERROR] Failed to load resource: net::ERR_FAILED @ https://www.google-analytics.com/analytics.js:0
[  345452ms] [WARNING] <meta name="apple-mobile-web-app-capable" content="yes"> is deprecated. Please include <meta name="mobile-web-app-capable" content="yes"> @ https://washu.sonnyscontrols.com/heatwave/gross-daily-labor?dateStart=Jan+1%2C+2025&dateEnd=Dec+31%2C+2025&landingPage=0&siteId=7:0
[  347977ms] [ERROR] Failed to load resource: net::ERR_FAILED @ https://www.google-analytics.com/analytics.js:0
[  347978ms] [WARNING] <meta name="apple-mobile-web-app-capable" content="yes"> is deprecated. Please include <meta name="mobile-web-app-capable" content="yes"> @ https://washu.sonnyscontrols.com/heatwave/gross-daily-labor?dateStart=Jan+1%2C+2026&dateEnd=Dec+31%2C+2026&landingPage=0&siteId=7:0
[  350056ms] [ERROR] Failed to load resource: net::ERR_FAILED @ https://www.google-analytics.com/analytics.js:0
[  350060ms] [WARNING] <meta name="apple-mobile-web-app-capable" content="yes"> is deprecated. Please include <meta name="mobile-web-app-capable" content="yes"> @ https://washu.sonnyscontrols.com/heatwave/gross-daily-labor?dateStart=Jan+1%2C+2024&dateEnd=Dec+31%2C+2024&landingPage=0&siteId=4:0
[  352950ms] [ERROR] Failed to load resource: net::ERR_FAILED @ https://www.google-analytics.com/analytics.js:0
[  352955ms] [WARNING] <meta name="apple-mobile-web-app-capable" content="yes"> is deprecated. Please include <meta name="mobile-web-app-capable" content="yes"> @ https://washu.sonnyscontrols.com/heatwave/gross-daily-labor?dateStart=Jan+1%2C+2025&dateEnd=Dec+31%2C+2025&landingPage=0&siteId=4:0
[  355112ms] [ERROR] Failed to load resource: net::ERR_FAILED @ https://www.google-analytics.com/analytics.js:0
[  355119ms] [WARNING] <meta name="apple-mobile-web-app-capable" content="yes"> is deprecated. Please include <meta name="mobile-web-app-capable" content="yes"> @ https://washu.sonnyscontrols.com/heatwave/gross-daily-labor?dateStart=Jan+1%2C+2026&dateEnd=Dec+31%2C+2026&landingPage=0&siteId=4:0
[  356949ms] [ERROR] Failed to load resource: net::ERR_FAILED @ https://www.google-analytics.com/analytics.js:0
[  356951ms] [WARNING] <meta name="apple-mobile-web-app-capable" content="yes"> is deprecated. Please include <meta name="mobile-web-app-capable" content="yes"> @ https://washu.sonnyscontrols.com/heatwave/gross-daily-labor?dateStart=Jan+1%2C+2024&dateEnd=Dec+31%2C+2024&landingPage=0&siteId=17:0
[  358538ms] [ERROR] Failed to load resource: net::ERR_FAILED @ https://www.google-analytics.com/analytics.js:0
[  358539ms] [WARNING] <meta name="apple-mobile-web-app-capable" content="yes"> is deprecated. Please include <meta name="mobile-web-app-capable" content="yes"> @ https://washu.sonnyscontrols.com/heatwave/gross-daily-labor?dateStart=Jan+1%2C+2025&dateEnd=Dec+31%2C+2025&landingPage=0&siteId=17:0
[  360145ms] [ERROR] Failed to load resource: net::ERR_FAILED @ https://www.google-analytics.com/analytics.js:0
[  360150ms] [WARNING] <meta name="apple-mobile-web-app-capable" content="yes"> is deprecated. Please include <meta name="mobile-web-app-capable" content="yes"> @ https://washu.sonnyscontrols.com/heatwave/gross-daily-labor?dateStart=Jan+1%2C+2026&dateEnd=Dec+31%2C+2026&landingPage=0&siteId=17:0
[  361880ms] [ERROR] Failed to load resource: net::ERR_FAILED @ https://www.google-analytics.com/analytics.js:0
[  361885ms] [WARNING] <meta name="apple-mobile-web-app-capable" content="yes"> is deprecated. Please include <meta name="mobile-web-app-capable" content="yes"> @ https://washu.sonnyscontrols.com/heatwave/gross-daily-labor?dateStart=Jan+1%2C+2024&dateEnd=Dec+31%2C+2024&landingPage=0&siteId=11:0
[  365021ms] [ERROR] Failed to load resource: net::ERR_FAILED @ https://www.google-analytics.com/analytics.js:0
[  365028ms] [WARNING] <meta name="apple-mobile-web-app-capable" content="yes"> is deprecated. Please include <meta name="mobile-web-app-capable" content="yes"> @ https://washu.sonnyscontrols.com/heatwave/gross-daily-labor?dateStart=Jan+1%2C+2025&dateEnd=Dec+31%2C+2025&landingPage=0&siteId=11:0
[  367309ms] [ERROR] Failed to load resource: net::ERR_FAILED @ https://www.google-analytics.com/analytics.js:0
[  367316ms] [WARNING] <meta name="apple-mobile-web-app-capable" content="yes"> is deprecated. Please include <meta name="mobile-web-app-capable" content="yes"> @ https://washu.sonnyscontrols.com/heatwave/gross-daily-labor?dateStart=Jan+1%2C+2026&dateEnd=Dec+31%2C+2026&landingPage=0&siteId=11:0
[  369292ms] [ERROR] Failed to load resource: net::ERR_FAILED @ https://www.google-analytics.com/analytics.js:0
[  369295ms] [WARNING] <meta name="apple-mobile-web-app-capable" content="yes"> is deprecated. Please include <meta name="mobile-web-app-capable" content="yes"> @ https://washu.sonnyscontrols.com/heatwave/gross-daily-labor?dateStart=Jan+1%2C+2024&dateEnd=Dec+31%2C+2024&landingPage=0&siteId=5:0
[  372467ms] [ERROR] Failed to load resource: net::ERR_FAILED @ https://www.google-analytics.com/analytics.js:0
[  372472ms] [WARNING] <meta name="apple-mobile-web-app-capable" content="yes"> is deprecated. Please include <meta name="mobile-web-app-capable" content="yes"> @ https://washu.sonnyscontrols.com/heatwave/gross-daily-labor?dateStart=Jan+1%2C+2025&dateEnd=Dec+31%2C+2025&landingPage=0&siteId=5:0
[  374751ms] [ERROR] Failed to load resource: net::ERR_FAILED @ https://www.google-analytics.com/analytics.js:0
[  374754ms] [WARNING] <meta name="apple-mobile-web-app-capable" content="yes"> is deprecated. Please include <meta name="mobile-web-app-capable" content="yes"> @ https://washu.sonnyscontrols.com/heatwave/gross-daily-labor?dateStart=Jan+1%2C+2026&dateEnd=Dec+31%2C+2026&landingPage=0&siteId=5:0
[  376487ms] [ERROR] Failed to load resource: net::ERR_FAILED @ https://www.google-analytics.com/analytics.js:0
[  376492ms] [WARNING] <meta name="apple-mobile-web-app-capable" content="yes"> is deprecated. Please include <meta name="mobile-web-app-capable" content="yes"> @ https://washu.sonnyscontrols.com/heatwave/gross-daily-labor?dateStart=Jan+1%2C+2024&dateEnd=Dec+31%2C+2024&landingPage=0&siteId=9:0
[  378960ms] [ERROR] Failed to load resource: net::ERR_FAILED @ https://www.google-analytics.com/analytics.js:0
[  378961ms] [WARNING] <meta name="apple-mobile-web-app-capable" content="yes"> is deprecated. Please include <meta name="mobile-web-app-capable" content="yes"> @ https://washu.sonnyscontrols.com/heatwave/gross-daily-labor?dateStart=Jan+1%2C+2025&dateEnd=Dec+31%2C+2025&landingPage=0&siteId=9:0
[  380913ms] [ERROR] Failed to load resource: net::ERR_FAILED @ https://www.google-analytics.com/analytics.js:0
[  380918ms] [WARNING] <meta name="apple-mobile-web-app-capable" content="yes"> is deprecated. Please include <meta name="mobile-web-app-capable" content="yes"> @ https://washu.sonnyscontrols.com/heatwave/gross-daily-labor?dateStart=Jan+1%2C+2026&dateEnd=Dec+31%2C+2026&landingPage=0&siteId=9:0
[  383400ms] [ERROR] Failed to load resource: net::ERR_FAILED @ https://www.google-analytics.com/analytics.js:0
[  383401ms] [WARNING] <meta name="apple-mobile-web-app-capable" content="yes"> is deprecated. Please include <meta name="mobile-web-app-capable" content="yes"> @ https://washu.sonnyscontrols.com/heatwave/gross-daily-labor?dateStart=Jan+1%2C+2024&dateEnd=Dec+31%2C+2024&landingPage=0&siteId=2:0
[  386020ms] [ERROR] Failed to load resource: net::ERR_FAILED @ https://www.google-analytics.com/analytics.js:0
[  386022ms] [WARNING] <meta name="apple-mobile-web-app-capable" content="yes"> is deprecated. Please include <meta name="mobile-web-app-capable" content="yes"> @ https://washu.sonnyscontrols.com/heatwave/gross-daily-labor?dateStart=Jan+1%2C+2025&dateEnd=Dec+31%2C+2025&landingPage=0&siteId=2:0
[  387772ms] [ERROR] Failed to load resource: net::ERR_FAILED @ https://www.google-analytics.com/analytics.js:0
[  387773ms] [WARNING] <meta name="apple-mobile-web-app-capable" content="yes"> is deprecated. Please include <meta name="mobile-web-app-capable" content="yes"> @ https://washu.sonnyscontrols.com/heatwave/gross-daily-labor?dateStart=Jan+1%2C+2026&dateEnd=Dec+31%2C+2026&landingPage=0&siteId=2:0
[  389818ms] [ERROR] Failed to load resource: net::ERR_FAILED @ https://www.google-analytics.com/analytics.js:0
[  389823ms] [WARNING] <meta name="apple-mobile-web-app-capable" content="yes"> is deprecated. Please include <meta name="mobile-web-app-capable" content="yes"> @ https://washu.sonnyscontrols.com/heatwave/gross-daily-labor?dateStart=Jan+1%2C+2024&dateEnd=Dec+31%2C+2024&landingPage=0&siteId=1:0
[  392124ms] [ERROR] Failed to load resource: net::ERR_FAILED @ https://www.google-analytics.com/analytics.js:0
[  392129ms] [WARNING] <meta name="apple-mobile-web-app-capable" content="yes"> is deprecated. Please include <meta name="mobile-web-app-capable" content="yes"> @ https://washu.sonnyscontrols.com/heatwave/gross-daily-labor?dateStart=Jan+1%2C+2025&dateEnd=Dec+31%2C+2025&landingPage=0&siteId=1:0
[  393905ms] [ERROR] Failed to load resource: net::ERR_FAILED @ https://www.google-analytics.com/analytics.js:0
[  393912ms] [WARNING] <meta name="apple-mobile-web-app-capable" content="yes"> is deprecated. Please include <meta name="mobile-web-app-capable" content="yes"> @ https://washu.sonnyscontrols.com/heatwave/gross-daily-labor?dateStart=Jan+1%2C+2026&dateEnd=Dec+31%2C+2026&landingPage=0&siteId=1:0
