[     823ms] [ERROR] Failed to load resource: net::ERR_CERT_AUTHORITY_INVALID @ https://www.google-analytics.com/analytics.js:0
[     969ms] [WARNING] <meta name="apple-mobile-web-app-capable" content="yes"> is deprecated. Please include <meta name="mobile-web-app-capable" content="yes"> @ https://washassociates.sonnyscontrols.com/login:0
[   11339ms] [ERROR] Failed to load resource: net::ERR_FAILED @ https://www.google-analytics.com/analytics.js:0
[   11615ms] [WARNING] <meta name="apple-mobile-web-app-capable" content="yes"> is deprecated. Please include <meta name="mobile-web-app-capable" content="yes"> @ https://washassociates.sonnyscontrols.com/:0
[   17962ms] [ERROR] Failed to load resource: net::ERR_FAILED @ https://www.google-analytics.com/analytics.js:0
[   18011ms] [WARNING] <meta name="apple-mobile-web-app-capable" content="yes"> is deprecated. Please include <meta name="mobile-web-app-capable" content="yes"> @ https://washassociates.sonnyscontrols.com/heatwave/gross-daily-labor?dateStart=Jan+1%2C+2026&dateEnd=Dec+31%2C+2026&landingPage=0&siteId=1:0
[   29590ms] [ERROR] Failed to load resource: net::ERR_FAILED @ https://www.google-analytics.com/analytics.js:0
[   29591ms] [WARNING] <meta name="apple-mobile-web-app-capable" content="yes"> is deprecated. Please include <meta name="mobile-web-app-capable" content="yes"> @ https://washassociates.sonnyscontrols.com/heatwave/gross-daily-labor?dateStart=Jan+1%2C+2026&dateEnd=Dec+31%2C+2026&landingPage=0&siteId=1:0
[   31321ms] [ERROR] Failed to load resource: net::ERR_FAILED @ https://www.google-analytics.com/analytics.js:0
[   31391ms] [WARNING] <meta name="apple-mobile-web-app-capable" content="yes"> is deprecated. Please include <meta name="mobile-web-app-capable" content="yes"> @ https://washassociates.sonnyscontrols.com/heatwave/gross-daily-labor?dateStart=Jan+1%2C+2026&dateEnd=Dec+31%2C+2026&landingPage=0&siteId=2:0
[   33990ms] [ERROR] Failed to load resource: net::ERR_FAILED @ https://www.google-analytics.com/analytics.js:0
[   33995ms] [WARNING] <meta name="apple-mobile-web-app-capable" content="yes"> is deprecated. Please include <meta name="mobile-web-app-capable" content="yes"> @ https://washassociates.sonnyscontrols.com/heatwave/gross-daily-labor?dateStart=Jan+1%2C+2026&dateEnd=Dec+31%2C+2026&landingPage=0&siteId=3:0
[   36536ms] [ERROR] Failed to load resource: net::ERR_FAILED @ https://www.google-analytics.com/analytics.js:0
[   36539ms] [WARNING] <meta name="apple-mobile-web-app-capable" content="yes"> is deprecated. Please include <meta name="mobile-web-app-capable" content="yes"> @ https://washassociates.sonnyscontrols.com/heatwave/gross-daily-labor?dateStart=Jan+1%2C+2026&dateEnd=Dec+31%2C+2026&landingPage=0&siteId=4:0
[   38913ms] [ERROR] Failed to load resource: net::ERR_FAILED @ https://www.google-analytics.com/analytics.js:0
[   38914ms] [WARNING] <meta name="apple-mobile-web-app-capable" content="yes"> is deprecated. Please include <meta name="mobile-web-app-capable" content="yes"> @ https://washassociates.sonnyscontrols.com/heatwave/gross-daily-labor?dateStart=Jan+1%2C+2026&dateEnd=Dec+31%2C+2026&landingPage=0&siteId=5:0
[   40579ms] [ERROR] Failed to load resource: net::ERR_FAILED @ https://www.google-analytics.com/analytics.js:0
[   40581ms] [WARNING] <meta name="apple-mobile-web-app-capable" content="yes"> is deprecated. Please include <meta name="mobile-web-app-capable" content="yes"> @ https://washassociates.sonnyscontrols.com/heatwave/gross-daily-labor?dateStart=Jan+1%2C+2026&dateEnd=Dec+31%2C+2026&landingPage=0&siteId=6:0
[   42177ms] [ERROR] Failed to load resource: net::ERR_FAILED @ https://www.google-analytics.com/analytics.js:0
[   42179ms] [WARNING] <meta name="apple-mobile-web-app-capable" content="yes"> is deprecated. Please include <meta name="mobile-web-app-capable" content="yes"> @ https://washassociates.sonnyscontrols.com/heatwave/gross-daily-labor?dateStart=Jan+1%2C+2026&dateEnd=Dec+31%2C+2026&landingPage=0&siteId=7:0
[   43637ms] [ERROR] Failed to load resource: net::ERR_FAILED @ https://www.google-analytics.com/analytics.js:0
[   43638ms] [WARNING] <meta name="apple-mobile-web-app-capable" content="yes"> is deprecated. Please include <meta name="mobile-web-app-capable" content="yes"> @ https://washassociates.sonnyscontrols.com/heatwave/gross-daily-labor?dateStart=Jan+1%2C+2026&dateEnd=Dec+31%2C+2026&landingPage=0&siteId=8:0
[   45144ms] [ERROR] Failed to load resource: net::ERR_FAILED @ https://www.google-analytics.com/analytics.js:0
[   45146ms] [WARNING] <meta name="apple-mobile-web-app-capable" content="yes"> is deprecated. Please include <meta name="mobile-web-app-capable" content="yes"> @ https://washassociates.sonnyscontrols.com/heatwave/gross-daily-labor?dateStart=Jan+1%2C+2026&dateEnd=Dec+31%2C+2026&landingPage=0&siteId=9:0
[   46767ms] [ERROR] Failed to load resource: net::ERR_FAILED @ https://www.google-analytics.com/analytics.js:0
[   46769ms] [WARNING] <meta name="apple-mobile-web-app-capable" content="yes"> is deprecated. Please include <meta name="mobile-web-app-capable" content="yes"> @ https://washassociates.sonnyscontrols.com/heatwave/gross-daily-labor?dateStart=Jan+1%2C+2026&dateEnd=Dec+31%2C+2026&landingPage=0&siteId=10:0
[   62352ms] [ERROR] Failed to load resource: net::ERR_FAILED @ https://www.google-analytics.com/analytics.js:0
[   62353ms] [WARNING] <meta name="apple-mobile-web-app-capable" content="yes"> is deprecated. Please include <meta name="mobile-web-app-capable" content="yes"> @ https://washassociates.sonnyscontrols.com/heatwave/gross-daily-labor?dateStart=Jan+1%2C+2026&dateEnd=Dec+31%2C+2026&landingPage=0&siteId=1:0
[   92553ms] [ERROR] Failed to load resource: net::ERR_FAILED @ https://www.google-analytics.com/analytics.js:0
[   92559ms] [WARNING] <meta name="apple-mobile-web-app-capable" content="yes"> is deprecated. Please include <meta name="mobile-web-app-capable" content="yes"> @ https://washassociates.sonnyscontrols.com/heatwave/gross-daily-labor?dateStart=Jan+1%2C+2024&dateEnd=Dec+31%2C+2024&landingPage=0&siteId=1:0
[  105641ms] [ERROR] Failed to load resource: net::ERR_FAILED @ https://www.google-analytics.com/analytics.js:0
[  105646ms] [WARNING] <meta name="apple-mobile-web-app-capable" content="yes"> is deprecated. Please include <meta name="mobile-web-app-capable" content="yes"> @ https://washassociates.sonnyscontrols.com/heatwave/gross-daily-labor?dateStart=Jan+1%2C+2025&dateEnd=Dec+31%2C+2025&landingPage=0&siteId=1:0
[  107888ms] [ERROR] Failed to load resource: net::ERR_FAILED @ https://www.google-analytics.com/analytics.js:0
[  107893ms] [WARNING] <meta name="apple-mobile-web-app-capable" content="yes"> is deprecated. Please include <meta name="mobile-web-app-capable" content="yes"> @ https://washassociates.sonnyscontrols.com/heatwave/gross-daily-labor?dateStart=Jan+1%2C+2026&dateEnd=Dec+31%2C+2026&landingPage=0&siteId=1:0
[  115137ms] [ERROR] Failed to load resource: net::ERR_FAILED @ https://www.google-analytics.com/analytics.js:0
[  115144ms] [WARNING] <meta name="apple-mobile-web-app-capable" content="yes"> is deprecated. Please include <meta name="mobile-web-app-capable" content="yes"> @ https://washassociates.sonnyscontrols.com/heatwave/gross-daily-labor?dateStart=Jan+1%2C+2024&dateEnd=Dec+31%2C+2024&landingPage=0&siteId=3:0
[  120534ms] [ERROR] Failed to load resource: net::ERR_FAILED @ https://www.google-analytics.com/analytics.js:0
[  120540ms] [WARNING] <meta name="apple-mobile-web-app-capable" content="yes"> is deprecated. Please include <meta name="mobile-web-app-capable" content="yes"> @ https://washassociates.sonnyscontrols.com/heatwave/gross-daily-labor?dateStart=Jan+1%2C+2025&dateEnd=Dec+31%2C+2025&landingPage=0&siteId=3:0
[  122721ms] [ERROR] Failed to load resource: net::ERR_FAILED @ https://www.google-analytics.com/analytics.js:0
[  122723ms] [WARNING] <meta name="apple-mobile-web-app-capable" content="yes"> is deprecated. Please include <meta name="mobile-web-app-capable" content="yes"> @ https://washassociates.sonnyscontrols.com/heatwave/gross-daily-labor?dateStart=Jan+1%2C+2026&dateEnd=Dec+31%2C+2026&landingPage=0&siteId=3:0
[  126372ms] [ERROR] Failed to load resource: net::ERR_FAILED @ https://www.google-analytics.com/analytics.js:0
[  126377ms] [WARNING] <meta name="apple-mobile-web-app-capable" content="yes"> is deprecated. Please include <meta name="mobile-web-app-capable" content="yes"> @ https://washassociates.sonnyscontrols.com/heatwave/gross-daily-labor?dateStart=Jan+1%2C+2024&dateEnd=Dec+31%2C+2024&landingPage=0&siteId=4:0
[  129622ms] [ERROR] Failed to load resource: net::ERR_FAILED @ https://www.google-analytics.com/analytics.js:0
[  129627ms] [WARNING] <meta name="apple-mobile-web-app-capable" content="yes"> is deprecated. Please include <meta name="mobile-web-app-capable" content="yes"> @ https://washassociates.sonnyscontrols.com/heatwave/gross-daily-labor?dateStart=Jan+1%2C+2025&dateEnd=Dec+31%2C+2025&landingPage=0&siteId=4:0
[  131514ms] [ERROR] Failed to load resource: net::ERR_FAILED @ https://www.google-analytics.com/analytics.js:0
[  131518ms] [WARNING] <meta name="apple-mobile-web-app-capable" content="yes"> is deprecated. Please include <meta name="mobile-web-app-capable" content="yes"> @ https://washassociates.sonnyscontrols.com/heatwave/gross-daily-labor?dateStart=Jan+1%2C+2026&dateEnd=Dec+31%2C+2026&landingPage=0&siteId=4:0
[  134211ms] [ERROR] Failed to load resource: net::ERR_FAILED @ https://www.google-analytics.com/analytics.js:0
[  134215ms] [WARNING] <meta name="apple-mobile-web-app-capable" content="yes"> is deprecated. Please include <meta name="mobile-web-app-capable" content="yes"> @ https://washassociates.sonnyscontrols.com/heatwave/gross-daily-labor?dateStart=Jan+1%2C+2024&dateEnd=Dec+31%2C+2024&landingPage=0&siteId=5:0
[  137068ms] [ERROR] Failed to load resource: net::ERR_FAILED @ https://www.google-analytics.com/analytics.js:0
[  137072ms] [WARNING] <meta name="apple-mobile-web-app-capable" content="yes"> is deprecated. Please include <meta name="mobile-web-app-capable" content="yes"> @ https://washassociates.sonnyscontrols.com/heatwave/gross-daily-labor?dateStart=Jan+1%2C+2025&dateEnd=Dec+31%2C+2025&landingPage=0&siteId=5:0
[  139016ms] [ERROR] Failed to load resource: net::ERR_FAILED @ https://www.google-analytics.com/analytics.js:0
[  139018ms] [WARNING] <meta name="apple-mobile-web-app-capable" content="yes"> is deprecated. Please include <meta name="mobile-web-app-capable" content="yes"> @ https://washassociates.sonnyscontrols.com/heatwave/gross-daily-labor?dateStart=Jan+1%2C+2026&dateEnd=Dec+31%2C+2026&landingPage=0&siteId=5:0
